Start testing: May 30 04:09 UTC
----------------------------------------------------------
1/11 Testing: Geometry Test case
1/11 Test: Geometry Test case
Command: "/tmp/workspace/leandrolillo/geometry/build_cov/test/geometry_unit_tests" "Geometry Test case"
Directory: /tmp/workspace/leandrolillo/geometry/build_cov/test
"Geometry Test case" start time: May 30 04:09 UTC
Output:
----------------------------------------------------------
Filters: "Geometry Test case"
Randomness seeded to: 3725174001
===============================================================================
All tests passed (1 assertion in 1 test case)

<end of output>
Test time =   0.01 sec
----------------------------------------------------------
Test Passed.
"Geometry Test case" end time: May 30 04:09 UTC
"Geometry Test case" time elapsed: 00:00:00
----------------------------------------------------------

2/11 Testing: Sphere Methods
2/11 Test: Sphere Methods
Command: "/tmp/workspace/leandrolillo/geometry/build_cov/test/geometry_unit_tests" "Sphere Methods"
Directory: /tmp/workspace/leandrolillo/geometry/build_cov/test
"Sphere Methods" start time: May 30 04:09 UTC
Output:
----------------------------------------------------------
Filters: "Sphere Methods"
Randomness seeded to: 2534144098
===============================================================================
All tests passed (4 assertions in 1 test case)

<end of output>
Test time =   0.01 sec
----------------------------------------------------------
Test Passed.
"Sphere Methods" end time: May 30 04:09 UTC
"Sphere Methods" time elapsed: 00:00:00
----------------------------------------------------------

3/11 Testing: AABB Methods
3/11 Test: AABB Methods
Command: "/tmp/workspace/leandrolillo/geometry/build_cov/test/geometry_unit_tests" "AABB Methods"
Directory: /tmp/workspace/leandrolillo/geometry/build_cov/test
"AABB Methods" start time: May 30 04:09 UTC
Output:
----------------------------------------------------------
Filters: "AABB Methods"
Randomness seeded to: 2683441271
===============================================================================
All tests passed (18 assertions in 1 test case)

<end of output>
Test time =   0.01 sec
----------------------------------------------------------
Test Passed.
"AABB Methods" end time: May 30 04:09 UTC
"AABB Methods" time elapsed: 00:00:00
----------------------------------------------------------

4/11 Testing: Sphere Intersections
4/11 Test: Sphere Intersections
Command: "/tmp/workspace/leandrolillo/geometry/build_cov/test/geometry_unit_tests" "Sphere Intersections"
Directory: /tmp/workspace/leandrolillo/geometry/build_cov/test
"Sphere Intersections" start time: May 30 04:09 UTC
Output:
----------------------------------------------------------
Filters: "Sphere Intersections"
Randomness seeded to: 3214035881
===============================================================================
All tests passed (6 assertions in 1 test case)

<end of output>
Test time =   0.01 sec
----------------------------------------------------------
Test Passed.
"Sphere Intersections" end time: May 30 04:09 UTC
"Sphere Intersections" time elapsed: 00:00:00
----------------------------------------------------------

5/11 Testing: Plane Intersections
5/11 Test: Plane Intersections
Command: "/tmp/workspace/leandrolillo/geometry/build_cov/test/geometry_unit_tests" "Plane Intersections"
Directory: /tmp/workspace/leandrolillo/geometry/build_cov/test
"Plane Intersections" start time: May 30 04:09 UTC
Output:
----------------------------------------------------------
Filters: "Plane Intersections"
Randomness seeded to: 3279141364
===============================================================================
All tests passed (2 assertions in 1 test case)

<end of output>
Test time =   0.01 sec
----------------------------------------------------------
Test Passed.
"Plane Intersections" end time: May 30 04:09 UTC
"Plane Intersections" time elapsed: 00:00:00
----------------------------------------------------------

6/11 Testing: Aabb Sphere Intersections
6/11 Test: Aabb Sphere Intersections
Command: "/tmp/workspace/leandrolillo/geometry/build_cov/test/geometry_unit_tests" "Aabb Sphere Intersections"
Directory: /tmp/workspace/leandrolillo/geometry/build_cov/test
"Aabb Sphere Intersections" start time: May 30 04:09 UTC
Output:
----------------------------------------------------------
Filters: "Aabb Sphere Intersections"
Randomness seeded to: 1781450032
===============================================================================
All tests passed (2 assertions in 1 test case)

<end of output>
Test time =   0.01 sec
----------------------------------------------------------
Test Passed.
"Aabb Sphere Intersections" end time: May 30 04:09 UTC
"Aabb Sphere Intersections" time elapsed: 00:00:00
----------------------------------------------------------

7/11 Testing: Sphere AABB Intersection (troubleshooting bug)
7/11 Test: Sphere AABB Intersection (troubleshooting bug)
Command: "/tmp/workspace/leandrolillo/geometry/build_cov/test/geometry_unit_tests" "Sphere AABB Intersection (troubleshooting bug)"
Directory: /tmp/workspace/leandrolillo/geometry/build_cov/test
"Sphere AABB Intersection (troubleshooting bug)" start time: May 30 04:09 UTC
Output:
----------------------------------------------------------
Filters: "Sphere AABB Intersection (troubleshooting bug)"
Randomness seeded to: 3307256947
===============================================================================
All tests passed (8 assertions in 1 test case)

<end of output>
Test time =   0.01 sec
----------------------------------------------------------
Test Passed.
"Sphere AABB Intersection (troubleshooting bug)" end time: May 30 04:09 UTC
"Sphere AABB Intersection (troubleshooting bug)" time elapsed: 00:00:00
----------------------------------------------------------

8/11 Testing: Aabb Aabb Intersections
8/11 Test: Aabb Aabb Intersections
Command: "/tmp/workspace/leandrolillo/geometry/build_cov/test/geometry_unit_tests" "Aabb Aabb Intersections"
Directory: /tmp/workspace/leandrolillo/geometry/build_cov/test
"Aabb Aabb Intersections" start time: May 30 04:09 UTC
Output:
----------------------------------------------------------
Filters: "Aabb Aabb Intersections"
Randomness seeded to: 3900048478
===============================================================================
All tests passed (12 assertions in 1 test case)

<end of output>
Test time =   0.01 sec
----------------------------------------------------------
Test Passed.
"Aabb Aabb Intersections" end time: May 30 04:09 UTC
"Aabb Aabb Intersections" time elapsed: 00:00:00
----------------------------------------------------------

9/11 Testing: Ray Aabb Intersections
9/11 Test: Ray Aabb Intersections
Command: "/tmp/workspace/leandrolillo/geometry/build_cov/test/geometry_unit_tests" "Ray Aabb Intersections"
Directory: /tmp/workspace/leandrolillo/geometry/build_cov/test
"Ray Aabb Intersections" start time: May 30 04:09 UTC
Output:
----------------------------------------------------------
Filters: "Ray Aabb Intersections"
Randomness seeded to: 3732531394
===============================================================================
All tests passed (11 assertions in 1 test case)

<end of output>
Test time =   0.01 sec
----------------------------------------------------------
Test Passed.
"Ray Aabb Intersections" end time: May 30 04:09 UTC
"Ray Aabb Intersections" time elapsed: 00:00:00
----------------------------------------------------------

10/11 Testing: Sphere Contacts
10/11 Test: Sphere Contacts
Command: "/tmp/workspace/leandrolillo/geometry/build_cov/test/geometry_unit_tests" "Sphere Contacts"
Directory: /tmp/workspace/leandrolillo/geometry/build_cov/test
"Sphere Contacts" start time: May 30 04:09 UTC
Output:
----------------------------------------------------------
Filters: "Sphere Contacts"
Randomness seeded to: 3873026959
===============================================================================
All tests passed (6 assertions in 1 test case)

<end of output>
Test time =   0.01 sec
----------------------------------------------------------
Test Passed.
"Sphere Contacts" end time: May 30 04:09 UTC
"Sphere Contacts" time elapsed: 00:00:00
----------------------------------------------------------

11/11 Testing: Aabb Aabb Contacts
11/11 Test: Aabb Aabb Contacts
Command: "/tmp/workspace/leandrolillo/geometry/build_cov/test/geometry_unit_tests" "Aabb Aabb Contacts"
Directory: /tmp/workspace/leandrolillo/geometry/build_cov/test
"Aabb Aabb Contacts" start time: May 30 04:09 UTC
Output:
----------------------------------------------------------
Filters: "Aabb Aabb Contacts"
Randomness seeded to: 34009792
===============================================================================
All tests passed (36 assertions in 1 test case)

<end of output>
Test time =   0.01 sec
----------------------------------------------------------
Test Passed.
"Aabb Aabb Contacts" end time: May 30 04:09 UTC
"Aabb Aabb Contacts" time elapsed: 00:00:00
----------------------------------------------------------

End testing: May 30 04:09 UTC
